2022-02-07T11:00:04.056 GBTKB [Database INFO] Connecting to: postgresql://dbname=stellar-genesis host=stellar-core-postgres user=postgres password=********
2022-02-07T11:00:04.061 GBTKB [SCP INFO] LocalNode::LocalNode@self qSet: de3214
2022-02-07T11:00:04.145 GBTKB [default INFO] * 
2022-02-07T11:00:04.145 GBTKB [default INFO] * The database has been initialized
2022-02-07T11:00:04.145 GBTKB [default INFO] * 
2022-02-07T11:00:04.151 GBTKB [Database INFO] Applying DB schema upgrade to version 14
2022-02-07T11:00:04.153 GBTKB [Database INFO] Applying DB schema upgrade to version 15
2022-02-07T11:00:04.155 GBTKB [Database INFO] Applying DB schema upgrade to version 16
2022-02-07T11:00:04.157 GBTKB [Database INFO] Applying DB schema upgrade to version 17
2022-02-07T11:00:04.159 GBTKB [Database INFO] DB schema is in current version
2022-02-07T11:00:04.160 GBTKB [default INFO] Dropping accounts
2022-02-07T11:00:04.165 GBTKB [default INFO] Dropping trustlines
2022-02-07T11:00:04.169 GBTKB [default INFO] Dropping offers
2022-02-07T11:00:04.178 GBTKB [default INFO] Dropping accountdata
2022-02-07T11:00:04.182 GBTKB [default INFO] Dropping claimablebalances
2022-02-07T11:00:04.186 GBTKB [default INFO] Dropping liquiditypools
2022-02-07T11:00:04.201 GBTKB [Ledger INFO] Established genesis ledger, closing
2022-02-07T11:00:04.201 GBTKB [Ledger INFO] Root account: GCDCEUV7IQSV47A75M3ZOP6GTELCLAPPZXXZD4POX4A2E77JKDS4NXJL
2022-02-07T11:00:04.201 GBTKB [Ledger INFO] Root account seed: SBJK323PKCHUBGUHA674RQZ6NVCHWRUNKPJMXREAJCL2CXJNVVZWZUPW
2022-02-07T11:00:04.231 GBTKB [default INFO] Connection effective settings:
2022-02-07T11:00:04.231 GBTKB [default INFO] TARGET_PEER_CONNECTIONS: 8
2022-02-07T11:00:04.231 GBTKB [default INFO] MAX_ADDITIONAL_PEER_CONNECTIONS: 64
2022-02-07T11:00:04.231 GBTKB [default INFO] MAX_PENDING_CONNECTIONS: 500
2022-02-07T11:00:04.231 GBTKB [default INFO] MAX_OUTBOUND_PENDING_CONNECTIONS: 56
2022-02-07T11:00:04.231 GBTKB [default INFO] MAX_INBOUND_PENDING_CONNECTIONS: 444
2022-02-07T11:00:04.231 GBTKB [default INFO] *
2022-02-07T11:00:04.231 GBTKB [default INFO] * The next launch will catchup from the network afresh.
2022-02-07T11:00:04.231 GBTKB [default INFO] *
2022-02-07T11:00:04.231 GBTKB [default INFO] Application destructing
2022-02-07T11:00:04.231 GBTKB [default INFO] Application destroyed
