2022-06-20T09:10:51.818 GAZGG [Database INFO] Connecting to: postgresql://dbname=stellar-genesis host=stellar-core-postgres user=postgres password=********
2022-06-20T09:10:51.851 GAZGG [SCP INFO] LocalNode::LocalNode@self qSet: 4422df
2022-06-20T09:10:52.287 GAZGG [default INFO] * 
2022-06-20T09:10:52.287 GAZGG [default INFO] * The database has been initialized
2022-06-20T09:10:52.287 GAZGG [default INFO] * 
2022-06-20T09:10:52.316 GAZGG [Database INFO] Applying DB schema upgrade to version 14
2022-06-20T09:10:52.330 GAZGG [Database INFO] Applying DB schema upgrade to version 15
2022-06-20T09:10:52.334 GAZGG [Database INFO] Applying DB schema upgrade to version 16
2022-06-20T09:10:52.339 GAZGG [Database INFO] Applying DB schema upgrade to version 17
2022-06-20T09:10:52.349 GAZGG [Database INFO] DB schema is in current version
2022-06-20T09:10:52.352 GAZGG [default INFO] Dropping accounts
2022-06-20T09:10:52.387 GAZGG [default INFO] Dropping trustlines
2022-06-20T09:10:52.423 GAZGG [default INFO] Dropping offers
2022-06-20T09:10:52.495 GAZGG [default INFO] Dropping accountdata
2022-06-20T09:10:52.515 GAZGG [default INFO] Dropping claimablebalances
2022-06-20T09:10:52.550 GAZGG [default INFO] Dropping liquiditypools
2022-06-20T09:10:52.633 GAZGG [Ledger INFO] Established genesis ledger, closing
2022-06-20T09:10:52.633 GAZGG [Ledger INFO] Root account: GCDCEUV7IQSV47A75M3ZOP6GTELCLAPPZXXZD4POX4A2E77JKDS4NXJL
2022-06-20T09:10:52.633 GAZGG [Ledger INFO] Root account seed: SBJK323PKCHUBGUHA674RQZ6NVCHWRUNKPJMXREAJCL2CXJNVVZWZUPW
2022-06-20T09:10:52.720 GAZGG [default INFO] Connection effective settings:
2022-06-20T09:10:52.720 GAZGG [default INFO] TARGET_PEER_CONNECTIONS: 8
2022-06-20T09:10:52.720 GAZGG [default INFO] MAX_ADDITIONAL_PEER_CONNECTIONS: 64
2022-06-20T09:10:52.720 GAZGG [default INFO] MAX_PENDING_CONNECTIONS: 500
2022-06-20T09:10:52.720 GAZGG [default INFO] MAX_OUTBOUND_PENDING_CONNECTIONS: 56
2022-06-20T09:10:52.720 GAZGG [default INFO] MAX_INBOUND_PENDING_CONNECTIONS: 444
2022-06-20T09:10:52.720 GAZGG [default INFO] *
2022-06-20T09:10:52.720 GAZGG [default INFO] * The next launch will catchup from the network afresh.
2022-06-20T09:10:52.720 GAZGG [default INFO] *
2022-06-20T09:10:52.720 GAZGG [default INFO] Application destructing
2022-06-20T09:10:52.723 GAZGG [default INFO] Application destroyed
